<?xml version="1.0" encoding="UTF-8"?>
<testsuite xmlns:xsi="http://www.w3.org/2001/XMLSchema-instance" xsi:schemaLocation="https://maven.apache.org/surefire/maven-surefire-plugin/xsd/surefire-test-report.xsd" name="com.neotys.weathercrisis.CreateReport.CreateReportTest" time="0.004" tests="1" errors="1" skipped="0" failures="0">
  <properties>
[...]
</properties>
  <testcase name="com.neotys.weathercrisis.CreateReport.CreateReportTest" classname="com.neotys.weathercrisis.CreateReport.CreateReportTest" time="0.003">
    <error type="java.lang.ExceptionInInitializerError">java.lang.ExceptionInInitializerError
	at com.neotys.weathercrisis.CreateReport.CreateReportTest.before(CreateReportTest.java:42)
Caused by: java.lang.RuntimeException: Issue contacting DesignAPI server.
	at com.neotys.weathercrisis.CreateReport.CreateReportTest.before(CreateReportTest.java:42)
Caused by: java.io.FileNotFoundException: http://cpv4.intranet.neotys.com:7400/Design/v1/Service.svc//$metadata
	at com.neotys.weathercrisis.CreateReport.CreateReportTest.before(CreateReportTest.java:42)
</error>
    <system-out><![CDATA[2016-12-12 10:56:50,025 org.apache.http.client.protocol.RequestAddCookies.process() 
DEBUG: CookieSpec selected: default
2016-12-12 10:56:50,037 org.apache.http.client.protocol.RequestAuthCache.process() 
DEBUG: Auth cache not set in the context
2016-12-12 10:56:50,039 org.apache.http.impl.conn.PoolingHttpClientConnectionManager.requestConnection() 
DEBUG: Connection request: [route: {}->http://127.0.0.1:7056][total kept alive: 0; route allocated: 0 of 2000; total allocated: 0 of 2000]
2016-12-12 10:56:50,054 org.apache.http.impl.conn.PoolingHttpClientConnectionManager.leaseConnection() 
DEBUG: Connection leased: [id: 0][route: {}->http://127.0.0.1:7056][total kept alive: 0; route allocated: 1 of 2000; total allocated: 1 of 2000]
2016-12-12 10:56:50,056 org.apache.http.impl.execchain.MainClientExec.execute() 
DEBUG: Opening connection {}->http://127.0.0.1:7056
2016-12-12 10:56:50,057 org.apache.http.impl.conn.DefaultHttpClientConnectionOperator.connect() 
DEBUG: Connecting to /127.0.0.1:7056
2016-12-12 10:56:50,058 org.apache.http.impl.conn.DefaultHttpClientConnectionOperator.connect() 
DEBUG: Connection established 127.0.0.1:51948<->127.0.0.1:7056
2016-12-12 10:56:50,059 org.apache.http.impl.conn.DefaultManagedHttpClientConnection.setSocketTimeout() 
DEBUG: http-outgoing-0: set socket timeout to 10800000
2016-12-12 10:56:50,059 org.apache.http.impl.execchain.MainClientExec.execute() 
DEBUG: Executing request POST /hub/session HTTP/1.1
2016-12-12 10:56:50,059 org.apache.http.impl.execchain.MainClientExec.execute() 
DEBUG: Target auth state: UNCHALLENGED
2016-12-12 10:56:50,060 org.apache.http.impl.execchain.MainClientExec.execute() 
DEBUG: Proxy auth state: UNCHALLENGED
2016-12-12 10:56:50,061 org.apache.http.headers.onRequestSubmitted() 
DEBUG: http-outgoing-0 >> POST /hub/session HTTP/1.1
2016-12-12 10:56:50,062 org.apache.http.headers.onRequestSubmitted() 
DEBUG: http-outgoing-0 >> Content-Type: application/json; charset=utf-8
2016-12-12 10:56:50,062 org.apache.http.headers.onRequestSubmitted() 
DEBUG: http-outgoing-0 >> Content-Length: 105
2016-12-12 10:56:50,062 org.apache.http.headers.onRequestSubmitted() 
DEBUG: http-outgoing-0 >> Host: 127.0.0.1:7056
2016-12-12 10:56:50,063 org.apache.http.headers.onRequestSubmitted() 
DEBUG: http-outgoing-0 >> Connection: Keep-Alive
2016-12-12 10:56:50,064 org.apache.http.headers.onRequestSubmitted() 
DEBUG: http-outgoing-0 >> User-Agent: Apache-HttpClient/4.5.1 (Java/1.8.0_73)
2016-12-12 10:56:50,064 org.apache.http.headers.onRequestSubmitted() 
DEBUG: http-outgoing-0 >> Accept-Encoding: gzip,deflate
2016-12-12 10:56:50,064 org.apache.http.wire.wire() 
DEBUG: http-outgoing-0 >> "POST /hub/session HTTP/1.1[\r][\n]"
2016-12-12 10:56:50,064 org.apache.http.wire.wire() 
DEBUG: http-outgoing-0 >> "Content-Type: application/json; charset=utf-8[\r][\n]"
2016-12-12 10:56:50,065 org.apache.http.wire.wire() 
DEBUG: http-outgoing-0 >> "Content-Length: 105[\r][\n]"
2016-12-12 10:56:50,065 org.apache.http.wire.wire() 
DEBUG: http-outgoing-0 >> "Host: 127.0.0.1:7056[\r][\n]"
2016-12-12 10:56:50,065 org.apache.http.wire.wire() 
DEBUG: http-outgoing-0 >> "Connection: Keep-Alive[\r][\n]"
2016-12-12 10:56:50,065 org.apache.http.wire.wire() 
DEBUG: http-outgoing-0 >> "User-Agent: Apache-HttpClient/4.5.1 (Java/1.8.0_73)[\r][\n]"
2016-12-12 10:56:50,065 org.apache.http.wire.wire() 
DEBUG: http-outgoing-0 >> "Accept-Encoding: gzip,deflate[\r][\n]"
2016-12-12 10:56:50,065 org.apache.http.wire.wire() 
DEBUG: http-outgoing-0 >> "[\r][\n]"
2016-12-12 10:56:50,065 org.apache.http.wire.wire() 
DEBUG: http-outgoing-0 >> "{"desiredCapabilities":{"browserName":"firefox","version":"","platform":"ANY"},"requiredCapabilities":{}}"
2016-12-12 10:56:50,113 org.apache.http.wire.wire() 
DEBUG: http-outgoing-0 << "HTTP/1.1 200 OK[\r][\n]"
2016-12-12 10:56:50,116 org.apache.http.wire.wire() 
DEBUG: http-outgoing-0 << "content-type: application/json; charset=UTF-8[\r][\n]"
2016-12-12 10:56:50,116 org.apache.http.wire.wire() 
DEBUG: http-outgoing-0 << "connection: close[\r][\n]"
2016-12-12 10:56:50,116 org.apache.http.wire.wire() 
DEBUG: http-outgoing-0 << "content-length: 423[\r][\n]"
2016-12-12 10:56:50,116 org.apache.http.wire.wire() 
DEBUG: http-outgoing-0 << "server: httpd.js[\r][\n]"
2016-12-12 10:56:50,116 org.apache.http.wire.wire() 
DEBUG: http-outgoing-0 << "date: Mon, 12 Dec 2016 09:56:50 GMT[\r][\n]"
2016-12-12 10:56:50,116 org.apache.http.wire.wire() 
DEBUG: http-outgoing-0 << "[\r][\n]"
2016-12-12 10:56:50,119 org.apache.http.headers.onResponseReceived() 
DEBUG: http-outgoing-0 << HTTP/1.1 200 OK
2016-12-12 10:56:50,120 org.apache.http.headers.onResponseReceived() 
DEBUG: http-outgoing-0 << content-type: application/json; charset=UTF-8
2016-12-12 10:56:50,120 org.apache.http.headers.onResponseReceived() 
DEBUG: http-outgoing-0 << connection: close
2016-12-12 10:56:50,120 org.apache.http.headers.onResponseReceived() 
DEBUG: http-outgoing-0 << content-length: 423
2016-12-12 10:56:50,120 org.apache.http.headers.onResponseReceived() 
DEBUG: http-outgoing-0 << server: httpd.js
2016-12-12 10:56:50,120 org.apache.http.headers.onResponseReceived() 
DEBUG: http-outgoing-0 << date: Mon, 12 Dec 2016 09:56:50 GMT
2016-12-12 10:56:50,128 org.apache.http.wire.wire() 
DEBUG: http-outgoing-0 << "{"name":"newSession","sessionId":"aa026541-f691-4408-bef4-03c7cb948566","status":0,"value":{"cssSelectorsEnabled":true,"browserName":"firefox","handlesAlerts":true,"javascriptEnabled":true,"nativeEvents":false,"platform":"WINDOWS","rotatable":false,"takesScreenshot":true,"version":"45.5.0","webStorageEnabled":true,"applicationCacheEnabled":true,"databaseEnabled":true,"locationContextEnabled":true,"acceptSslCerts":true}}"
2016-12-12 10:56:50,128 org.apache.http.impl.conn.DefaultManagedHttpClientConnection.close() 
DEBUG: http-outgoing-0: Close connection
2016-12-12 10:56:50,129 org.apache.http.impl.execchain.MainClientExec.releaseConnection() 
DEBUG: Connection discarded
2016-12-12 10:56:50,129 org.apache.http.impl.conn.PoolingHttpClientConnectionManager.releaseConnection() 
DEBUG: Connection released: [id: 0][route: {}->http://127.0.0.1:7056][total kept alive: 0; route allocated: 0 of 2000; total allocated: 0 of 2000]
]]></system-out>
  </testcase>
</testsuite>